<?xml version="1.0" encoding="UTF-8"?>
<!-- Generated by org.testng.reporters.JUnitReportReporter -->
<testsuite hostname="DESKTOP-9B2JCSO" failures="0" tests="5" name="org.testng.TestSample" time="0.049" errors="0" timestamp="2022-12-14T19:37:24 IST" skipped="1">
  <testcase classname="org.testng.TestSample" name="tc8" time="0.027"/>
  <system-out/>
  <testcase classname="org.testng.TestSample" name="tc7" time="0.007"/>
  <system-out/>
  <testcase classname="org.testng.TestSample" name="tc7" time="0.008"/>
  <system-out/>
  <testcase classname="org.testng.TestSample" name="tc7" time="0.007"/>
  <system-out/>
  <testcase classname="org.testng.TestSample" name="tc1">
    <skipped/>
  </testcase> <!-- tc1 -->
  <system-out/>
</testsuite> <!-- org.testng.TestSample -->
