<?xml version="1.0" encoding="UTF-8"?>
<!-- Generated by org.testng.reporters.JUnitReportReporter -->
<testsuite hostname="DESKTOP-9B2JCSO" failures="0" tests="3" name="org.testng.SampleTest" time="12.443" errors="0" timestamp="2022-12-27T15:21:00 IST" skipped="0">
  <testcase classname="org.testng.SampleTest" name="tc1" time="6.116"/>
  <system-out/>
  <testcase classname="org.testng.SampleTest" name="tc3" time="2.990"/>
  <system-out/>
  <testcase classname="org.testng.SampleTest" name="tc2" time="3.337"/>
  <system-out/>
</testsuite> <!-- org.testng.SampleTest -->
